<?xml version="1.0" encoding="UTF-8"?>
<testng-results ignored="0" total="1" passed="1" failed="0" skipped="0">
  <reporter-output>
  </reporter-output>
  <suite started-at="2021-12-27T20:56:31 EST" name="Default suite" finished-at="2021-12-27T20:56:32 EST" duration-ms="1624">
    <groups>
    </groups>
    <test started-at="2021-12-27T20:56:31 EST" name="Default test" finished-at="2021-12-27T20:56:32 EST" duration-ms="1624">
      <class name="com.example.demo.RequirementParserTest">
        <test-method is-config="true" signature="setLaunchActivities()[pri:0, instance:com.example.demo.RequirementParserTest@3ba987b8]" started-at="2021-12-27T20:56:31 EST" name="setLaunchActivities" finished-at="2021-12-27T20:56:31 EST" duration-ms="761" status="PASS">
          <reporter-output>
          </reporter-output>
        </test-method> <!-- setLaunchActivities -->
        <test-method signature="performParallelTask()[pri:0, instance:com.example.demo.RequirementParserTest@3ba987b8]" started-at="2021-12-27T20:56:31 EST" name="performParallelTask" finished-at="2021-12-27T20:56:32 EST" duration-ms="732" status="PASS">
          <reporter-output>
          </reporter-output>
        </test-method> <!-- performParallelTask -->
        <test-method is-config="true" signature="tearDownActivities()[pri:0, instance:com.example.demo.RequirementParserTest@3ba987b8]" started-at="2021-12-27T20:56:32 EST" name="tearDownActivities" finished-at="2021-12-27T20:56:32 EST" duration-ms="101" status="PASS">
          <reporter-output>
          </reporter-output>
        </test-method> <!-- tearDownActivities -->
      </class> <!-- com.example.demo.RequirementParserTest -->
    </test> <!-- Default test -->
  </suite> <!-- Default suite -->
</testng-results>
