<?xml version="1.0" encoding="UTF-8"?>
<testng-results ignored="0" total="1" passed="1" failed="0" skipped="0">
  <reporter-output>
  </reporter-output>
  <suite started-at="2022-02-20T10:19:28 EST" name="Default suite" finished-at="2022-02-20T10:19:30 EST" duration-ms="2123">
    <groups>
    </groups>
    <test started-at="2022-02-20T10:19:28 EST" name="Default test" finished-at="2022-02-20T10:19:30 EST" duration-ms="2123">
      <class name="com.example.demo.RequirementParserTest">
        <test-method is-config="true" signature="setLaunchActivities()[pri:0, instance:com.example.demo.RequirementParserTest@4be29ed9]" started-at="2022-02-20T10:19:28 EST" name="setLaunchActivities" finished-at="2022-02-20T10:19:29 EST" duration-ms="864" status="PASS">
          <reporter-output>
          </reporter-output>
        </test-method> <!-- setLaunchActivities -->
        <test-method signature="performParallelTask()[pri:0, instance:com.example.demo.RequirementParserTest@4be29ed9]" started-at="2022-02-20T10:19:29 EST" name="performParallelTask" finished-at="2022-02-20T10:19:30 EST" duration-ms="1102" status="PASS">
          <reporter-output>
          </reporter-output>
        </test-method> <!-- performParallelTask -->
        <test-method is-config="true" signature="tearDownActivities()[pri:0, instance:com.example.demo.RequirementParserTest@4be29ed9]" started-at="2022-02-20T10:19:30 EST" name="tearDownActivities" finished-at="2022-02-20T10:19:30 EST" duration-ms="127" status="PASS">
          <reporter-output>
          </reporter-output>
        </test-method> <!-- tearDownActivities -->
      </class> <!-- com.example.demo.RequirementParserTest -->
    </test> <!-- Default test -->
  </suite> <!-- Default suite -->
</testng-results>
